<?xml version="1.0" encoding="UTF-8"?>
<!-- Generated by org.testng.reporters.JUnitXMLReporter -->
<testsuite hostname="ZIPLSY1664" ignored="0" name="TCC00VerifyAddcCard" tests="4" failures="0" timestamp="23 Nov 2017 09:32:48 GMT" time="91.441" errors="0">
  <testcase name="TCC00VerifyAddcCard" time="27.551" classname="LetsTrySelenium.Rainbow_Selenium_framework.RainbowHomePage.TCC00VerifyAddcCard"/>
  <testcase name="TCC00VerifyAddcCard" time="19.245" classname="LetsTrySelenium.Rainbow_Selenium_framework.RainbowHomePage.TCC00VerifyAddcCard"/>
  <testcase name="TCC00VerifyAddcCard" time="17.609" classname="LetsTrySelenium.Rainbow_Selenium_framework.RainbowHomePage.TCC00VerifyAddcCard"/>
  <testcase name="TCC00VerifyAddcCard" time="17.406" classname="LetsTrySelenium.Rainbow_Selenium_framework.RainbowHomePage.TCC00VerifyAddcCard"/>
</testsuite> <!-- TCC00VerifyAddcCard -->
