<?xml version="1.0" encoding="UTF-8"?>
<!-- Generated by org.testng.reporters.JUnitXMLReporter -->
<testsuite hostname="ZIPLSY1664" ignored="0" name="Test_2" tests="1" failures="1" timestamp="28 Nov 2017 07:27:49 GMT" time="9.454" errors="0">
  <testcase name="verifyRegistrationWithSameEmailID" time="2.96" classname="DeltaxRegistration.Delatx_registartiongForm.Registration.TC_001_VerifyRegistrationWithSameEmailID">
    <failure type="java.lang.AssertionError" message="expected [false] but found [true]">
      <![CDATA[java.lang.AssertionError: expected [false] but found [true]
	at DeltaxRegistration.Delatx_registartiongForm.Registration.TC_001_VerifyRegistrationWithSameEmailID.verifyRegistrationWithSameEmailID(TC_001_VerifyRegistrationWithSameEmailID.java:52)
... Removed 31 stack frames]]>
    </failure>
  </testcase> <!-- verifyRegistrationWithSameEmailID -->
</testsuite> <!-- Test_2 -->
