<?xml version="1.0" encoding="UTF-8"?>
<testng-results skipped="0" failed="0" ignored="0" total="1" passed="1">
  <reporter-output>
    <line>
      <![CDATA[navigating tohttp://adjiva.com/qa-test/]]>
    </line>
    <line>
      <![CDATA[test object created fornull]]>
    </line>
    <line>
      <![CDATA[==============  starting Tc_00_VerifyRegistrationwithValiddata===============]]>
    </line>
    <line>
      <![CDATA[entered first name and object is:[[FirefoxDriver: firefox on ANY (e7dda18a-898e-4362-83fa-450930ce0d1a)] -> name: first_name]]]>
    </line>
    <line>
      <![CDATA[entered last name and object is:[[FirefoxDriver: firefox on ANY (e7dda18a-898e-4362-83fa-450930ce0d1a)] -> name: last_name]]]>
    </line>
    <line>
      <![CDATA[entered user name and object is:[[FirefoxDriver: firefox on ANY (e7dda18a-898e-4362-83fa-450930ce0d1a)] -> name: user_name]]]>
    </line>
    <line>
      <![CDATA[entered user password and object is:[[FirefoxDriver: firefox on ANY (e7dda18a-898e-4362-83fa-450930ce0d1a)] -> name: user_password]]]>
    </line>
    <line>
      <![CDATA[entered confirm user password and object is:[[FirefoxDriver: firefox on ANY (e7dda18a-898e-4362-83fa-450930ce0d1a)] -> name: confirm_password]]]>
    </line>
    <line>
      <![CDATA[entered confirm email  and object is:[[FirefoxDriver: firefox on ANY (e7dda18a-898e-4362-83fa-450930ce0d1a)] -> name: email]]]>
    </line>
    <line>
      <![CDATA[entered contact no  and object is:[[FirefoxDriver: firefox on ANY (e7dda18a-898e-4362-83fa-450930ce0d1a)] -> name: contact_no]]]>
    </line>
    <line>
      <![CDATA[submit button is not enabled]]>
    </line>
    <line>
      <![CDATA[screenshot has been taken for:registration_with_valid_data]]>
    </line>
    <line>
      <![CDATA[<a href='C:\Users\aarti.kulkarni\workspace\Deltax\src\main\java\DeltaxRegistration\Delatx_registartiongForm\screenshotregistration_with_valid_data_28_11_2017_08_05_04.png'> <img src='C:\Users\aarti.kulkarni\workspace\Deltax\src\main\java\DeltaxRegistration\Delatx_registartiongForm\screenshotregistration_with_valid_data_28_11_2017_08_05_04.png'height='100' width ='100'/> </a>]]>
    </line>
    <line>
      <![CDATA[==============  finished Tc_00_VerifyRegistrationwithValiddata===============]]>
    </line>
    <line>
      <![CDATA[getResult method called]]>
    </line>
  </reporter-output>
  <suite name="Default suite" duration-ms="8394" started-at="2017-11-28T14:34:57Z" finished-at="2017-11-28T14:35:06Z">
    <groups>
    </groups>
    <test name="Default test" duration-ms="8394" started-at="2017-11-28T14:34:57Z" finished-at="2017-11-28T14:35:06Z">
      <class name="DeltaxRegistration.Delatx_registartiongForm.Registration.Tc_00_VerifyRegistrationwithValiddata">
        <test-method status="PASS" signature="setup()[pri:0, instance:DeltaxRegistration.Delatx_registartiongForm.Registration.Tc_00_VerifyRegistrationwithValiddata@3701eaf6]" name="setup" is-config="true" duration-ms="4892" started-at="2017-11-28T20:04:57Z" finished-at="2017-11-28T20:05:02Z">
          <reporter-output>
            <line>
              <![CDATA[navigating tohttp://adjiva.com/qa-test/]]>
            </line>
          </reporter-output>
        </test-method> <!-- setup -->
        <test-method status="PASS" signature="beforeMethod(org.testng.ITestResult)[pri:0, instance:DeltaxRegistration.Delatx_registartiongForm.Registration.Tc_00_VerifyRegistrationwithValiddata@3701eaf6]" name="beforeMethod" is-config="true" duration-ms="3" started-at="2017-11-28T20:05:03Z" finished-at="2017-11-28T20:05:03Z">
          <params>
            <param index="0">
              <value>
                <![CDATA[[TestResult name=VerifyRegistrationwithValiddata status=SUCCESS method=Tc_00_VerifyRegistrationwithValiddata.VerifyRegistrationwithValiddata(java.lang.String, java.lang.String, java.lang.String, java.lang.String, java.lang.String, java.lang.String, java.lang.String, java.lang.String)[pri:0, instance:DeltaxRegistration.Delatx_registartiongForm.Registration.Tc_00_VerifyRegistrationwithValiddata@3701eaf6] output===============  starting Tc_00_VerifyRegistrationwithValiddata===============]]]>
              </value>
            </param>
          </params>
          <reporter-output>
            <line>
              <![CDATA[test object created fornull]]>
            </line>
          </reporter-output>
        </test-method> <!-- beforeMethod -->
        <test-method status="PASS" signature="VerifyRegistrationwithValiddata(java.lang.String, java.lang.String, java.lang.String, java.lang.String, java.lang.String, java.lang.String, java.lang.String, java.lang.String)[pri:0, instance:DeltaxRegistration.Delatx_registartiongForm.Registration.Tc_00_VerifyRegistrationwithValiddata@3701eaf6]" name="VerifyRegistrationwithValiddata" duration-ms="1841" started-at="2017-11-28T20:05:03Z" data-provider="testData" finished-at="2017-11-28T20:05:04Z">
          <params>
            <param index="0">
              <value>
                <![CDATA[aaa]]>
              </value>
            </param>
            <param index="1">
              <value>
                <![CDATA[aaaa]]>
              </value>
            </param>
            <param index="2">
              <value>
                <![CDATA[aarti.kulkarni1]]>
              </value>
            </param>
            <param index="3">
              <value>
                <![CDATA[aarti.kulkarni1]]>
              </value>
            </param>
            <param index="4">
              <value>
                <![CDATA[aarti.kulkarni1]]>
              </value>
            </param>
            <param index="5">
              <value>
                <![CDATA[Engineering]]>
              </value>
            </param>
            <param index="6">
              <value>
                <![CDATA[aartikulkarni25@yahoo.com]]>
              </value>
            </param>
            <param index="7">
              <value>
                <![CDATA[9.503504845E9]]>
              </value>
            </param>
          </params>
          <reporter-output>
            <line>
              <![CDATA[==============  starting Tc_00_VerifyRegistrationwithValiddata===============]]>
            </line>
            <line>
              <![CDATA[entered first name and object is:[[FirefoxDriver: firefox on ANY (e7dda18a-898e-4362-83fa-450930ce0d1a)] -> name: first_name]]]>
            </line>
            <line>
              <![CDATA[entered last name and object is:[[FirefoxDriver: firefox on ANY (e7dda18a-898e-4362-83fa-450930ce0d1a)] -> name: last_name]]]>
            </line>
            <line>
              <![CDATA[entered user name and object is:[[FirefoxDriver: firefox on ANY (e7dda18a-898e-4362-83fa-450930ce0d1a)] -> name: user_name]]]>
            </line>
            <line>
              <![CDATA[entered user password and object is:[[FirefoxDriver: firefox on ANY (e7dda18a-898e-4362-83fa-450930ce0d1a)] -> name: user_password]]]>
            </line>
            <line>
              <![CDATA[entered confirm user password and object is:[[FirefoxDriver: firefox on ANY (e7dda18a-898e-4362-83fa-450930ce0d1a)] -> name: confirm_password]]]>
            </line>
            <line>
              <![CDATA[entered confirm email  and object is:[[FirefoxDriver: firefox on ANY (e7dda18a-898e-4362-83fa-450930ce0d1a)] -> name: email]]]>
            </line>
            <line>
              <![CDATA[entered contact no  and object is:[[FirefoxDriver: firefox on ANY (e7dda18a-898e-4362-83fa-450930ce0d1a)] -> name: contact_no]]]>
            </line>
            <line>
              <![CDATA[submit button is not enabled]]>
            </line>
            <line>
              <![CDATA[screenshot has been taken for:registration_with_valid_data]]>
            </line>
            <line>
              <![CDATA[<a href='C:\Users\aarti.kulkarni\workspace\Deltax\src\main\java\DeltaxRegistration\Delatx_registartiongForm\screenshotregistration_with_valid_data_28_11_2017_08_05_04.png'> <img src='C:\Users\aarti.kulkarni\workspace\Deltax\src\main\java\DeltaxRegistration\Delatx_registartiongForm\screenshotregistration_with_valid_data_28_11_2017_08_05_04.png'height='100' width ='100'/> </a>]]>
            </line>
            <line>
              <![CDATA[==============  finished Tc_00_VerifyRegistrationwithValiddata===============]]>
            </line>
          </reporter-output>
        </test-method> <!-- VerifyRegistrationwithValiddata -->
        <test-method status="PASS" signature="afterMethod(org.testng.ITestResult)[pri:0, instance:DeltaxRegistration.Delatx_registartiongForm.Registration.Tc_00_VerifyRegistrationwithValiddata@3701eaf6]" name="afterMethod" is-config="true" duration-ms="1" started-at="2017-11-28T20:05:04Z" finished-at="2017-11-28T20:05:04Z">
          <params>
            <param index="0">
              <value>
                <![CDATA[[TestResult name=VerifyRegistrationwithValiddata status=SUCCESS method=Tc_00_VerifyRegistrationwithValiddata.VerifyRegistrationwithValiddata(java.lang.String, java.lang.String, java.lang.String, java.lang.String, java.lang.String, java.lang.String, java.lang.String, java.lang.String)[pri:0, instance:DeltaxRegistration.Delatx_registartiongForm.Registration.Tc_00_VerifyRegistrationwithValiddata@3701eaf6] output===============  starting Tc_00_VerifyRegistrationwithValiddata===============]]]>
              </value>
            </param>
          </params>
          <reporter-output>
            <line>
              <![CDATA[getResult method called]]>
            </line>
          </reporter-output>
        </test-method> <!-- afterMethod -->
        <test-method status="PASS" signature="endTest()[pri:0, instance:DeltaxRegistration.Delatx_registartiongForm.Registration.Tc_00_VerifyRegistrationwithValiddata@3701eaf6]" name="endTest" is-config="true" duration-ms="1176" started-at="2017-11-28T20:05:04Z" finished-at="2017-11-28T20:05:06Z">
          <reporter-output>
          </reporter-output>
        </test-method> <!-- endTest -->
      </class> <!-- DeltaxRegistration.Delatx_registartiongForm.Registration.Tc_00_VerifyRegistrationwithValiddata -->
    </test> <!-- Default test -->
  </suite> <!-- Default suite -->
</testng-results>
